-------------------------------------------------------------------------------
Test set: TestSuite
-------------------------------------------------------------------------------
Tests run: 5, Failures: 1, Errors: 0, Skipped: 0, Time elapsed: 65.539 s <<< FAILURE! - in TestSuite
validateTitleTest(Academy.validateTitle)  Time elapsed: 0.314 s  <<< FAILURE!
java.lang.AssertionError: expected [FEATURED COURSES 123] but found [FEATURED COURSES]
	at Academy.validateTitle.validateTitleTest(validateTitle.java:47)

